<?xml version="1.0" encoding="UTF-8"?>
<!-- Generated by org.testng.reporters.JUnitXMLReporter -->
<testsuite hostname="LAPTOP-CJ23D15G" name="Default test" tests="4" failures="0" timestamp="13 May 2022 04:48:44 GMT" time="3.377" errors="0">
  <testcase name="testcase1" time="2.458" classname="IBM_May.RestAssured1.datadrivenapproach"/>
  <testcase name="testcase1" time="0.06" classname="IBM_May.RestAssured1.datadrivenapproach"/>
  <testcase name="testcase1" time="0.046" classname="IBM_May.RestAssured1.datadrivenapproach"/>
  <testcase name="testcase1" time="0.043" classname="IBM_May.RestAssured1.datadrivenapproach"/>
</testsuite> <!-- Default test -->
