<?xml version="1.0" encoding="UTF-8"?>
<testng-results skipped="0" failed="0" total="1" passed="1">
  <reporter-output>
  </reporter-output>
  <suite name="Default suite" duration-ms="615" started-at="2022-05-12T04:51:22Z" finished-at="2022-05-12T04:51:23Z">
    <groups>
    </groups>
    <test name="Default test" duration-ms="615" started-at="2022-05-12T04:51:22Z" finished-at="2022-05-12T04:51:23Z">
      <class name="IBM_May.RestAssured1.day1">
        <test-method status="PASS" signature="testcase5()[pri:0, instance:IBM_May.RestAssured1.day1@6fffcba5]" name="testcase5" duration-ms="604" started-at="2022-05-12T10:21:22Z" finished-at="2022-05-12T10:21:23Z">
          <reporter-output>
          </reporter-output>
        </test-method> <!-- testcase5 -->
      </class> <!-- IBM_May.RestAssured1.day1 -->
    </test> <!-- Default test -->
  </suite> <!-- Default suite -->
</testng-results>
