<?xml version="1.0" encoding="UTF-8"?>
<testng-results skipped="0" failed="0" total="4" passed="4">
  <reporter-output>
  </reporter-output>
  <suite name="Default suite" duration-ms="3377" started-at="2022-05-13T04:48:41Z" finished-at="2022-05-13T04:48:44Z">
    <groups>
    </groups>
    <test name="Default test" duration-ms="3377" started-at="2022-05-13T04:48:41Z" finished-at="2022-05-13T04:48:44Z">
      <class name="IBM_May.RestAssured1.datadrivenapproach">
        <test-method status="PASS" signature="testcase1(java.lang.String, java.lang.String, java.lang.String)[pri:0, instance:IBM_May.RestAssured1.datadrivenapproach@357246de]" name="testcase1" duration-ms="2458" started-at="2022-05-13T10:18:41Z" data-provider="PostRequestdata" finished-at="2022-05-13T10:18:44Z">
          <params>
            <param index="0">
              <value is-null="true"/>
            </param>
            <param index="1">
              <value is-null="true"/>
            </param>
            <param index="2">
              <value is-null="true"/>
            </param>
          </params>
          <reporter-output>
          </reporter-output>
        </test-method> <!-- testcase1 -->
        <test-method status="PASS" signature="testcase1(java.lang.String, java.lang.String, java.lang.String)[pri:0, instance:IBM_May.RestAssured1.datadrivenapproach@357246de]" name="testcase1" duration-ms="60" started-at="2022-05-13T10:18:44Z" data-provider="PostRequestdata" finished-at="2022-05-13T10:18:44Z">
          <params>
            <param index="0">
              <value>
                <![CDATA[Batch name 1]]>
              </value>
            </param>
            <param index="1">
              <value>
                <![CDATA[abc]]>
              </value>
            </param>
            <param index="2">
              <value>
                <![CDATA[delhi]]>
              </value>
            </param>
          </params>
          <reporter-output>
          </reporter-output>
        </test-method> <!-- testcase1 -->
        <test-method status="PASS" signature="testcase1(java.lang.String, java.lang.String, java.lang.String)[pri:0, instance:IBM_May.RestAssured1.datadrivenapproach@357246de]" name="testcase1" duration-ms="46" started-at="2022-05-13T10:18:44Z" data-provider="PostRequestdata" finished-at="2022-05-13T10:18:44Z">
          <params>
            <param index="0">
              <value>
                <![CDATA[Batch name 2]]>
              </value>
            </param>
            <param index="1">
              <value>
                <![CDATA[xyz]]>
              </value>
            </param>
            <param index="2">
              <value>
                <![CDATA[goa]]>
              </value>
            </param>
          </params>
          <reporter-output>
          </reporter-output>
        </test-method> <!-- testcase1 -->
        <test-method status="PASS" signature="testcase1(java.lang.String, java.lang.String, java.lang.String)[pri:0, instance:IBM_May.RestAssured1.datadrivenapproach@357246de]" name="testcase1" duration-ms="43" started-at="2022-05-13T10:18:44Z" data-provider="PostRequestdata" finished-at="2022-05-13T10:18:44Z">
          <params>
            <param index="0">
              <value>
                <![CDATA[Batch name 3]]>
              </value>
            </param>
            <param index="1">
              <value>
                <![CDATA[qwe]]>
              </value>
            </param>
            <param index="2">
              <value>
                <![CDATA[chennai]]>
              </value>
            </param>
          </params>
          <reporter-output>
          </reporter-output>
        </test-method> <!-- testcase1 -->
      </class> <!-- IBM_May.RestAssured1.datadrivenapproach -->
    </test> <!-- Default test -->
  </suite> <!-- Default suite -->
</testng-results>
